<?xml version="1.0" encoding="UTF-8"?>
<testsuite name="com.practice.example13.StepVerifierGeneralExample01Test" tests="1" skipped="0" failures="0" errors="0" timestamp="2025-03-26T14:12:30" hostname="hongchanhui" time="0.059">
  <properties/>
  <testcase name="sayHelloReactorTest()" classname="com.practice.example13.StepVerifierGeneralExample01Test" time="0.059"/>
  <system-out><![CDATA[]]></system-out>
  <system-err><![CDATA[]]></system-err>
</testsuite>
